==1025839== Memcheck, a memory error detector
==1025839== Copyright (C) 2002-2017, and GNU GPL'd, by Julian Seward et al.
==1025839== Using Valgrind-3.18.1-42b08ed5bd-20211015 and LibVEX; rerun with -h for copyright info
==1025839== Command: ./client 2601
==1025839== Parent PID: 931497
==1025839== 
--1025839-- 
--1025839-- Valgrind options:
--1025839--    -v
--1025839--    --tool=memcheck
--1025839--    --track-origins=yes
--1025839--    --leak-check=full
--1025839--    --num-callers=40
--1025839--    --show-leak-kinds=all
--1025839--    --log-file=valgrind.log
--1025839-- Contents of /proc/version:
--1025839--   Linux version 5.15.153.1-microsoft-standard-WSL2 (root@941d701f84f1) (gcc (GCC) 11.2.0, GNU ld (GNU Binutils) 2.37) #1 SMP Fri Mar 29 23:14:13 UTC 2024
--1025839-- 
--1025839-- Arch and hwcaps: AMD64, LittleEndian, amd64-cx16-lzcnt-rdtscp-sse3-ssse3-avx-avx2-bmi-f16c-rdrand-rdseed
--1025839-- Page sizes: currently 4096, max supported 4096
--1025839-- Valgrind library directory: /usr/libexec/valgrind
--1025839-- Reading syms from /home/szeidler/projects/homework6/Client1/client
--1025839-- Reading syms from /usr/lib/x86_64-linux-gnu/ld-linux-x86-64.so.2
--1025839--   Considering /usr/lib/debug/.build-id/41/86944c50f8a32b47d74931e3f512b811813b64.debug ..
--1025839--   .. build-id is valid
--1025839-- Reading syms from /usr/libexec/valgrind/memcheck-amd64-linux
--1025839--    object doesn't have a symbol table
--1025839--    object doesn't have a dynamic symbol table
--1025839-- Scheduler: using generic scheduler lock implementation.
--1025839-- Reading suppressions file: /usr/libexec/valgrind/default.supp
==1025839== embedded gdbserver: reading from /tmp/vgdb-pipe-from-vgdb-to-1025839-by-szeidler-on-???
==1025839== embedded gdbserver: writing to   /tmp/vgdb-pipe-to-vgdb-from-1025839-by-szeidler-on-???
==1025839== embedded gdbserver: shared mem   /tmp/vgdb-pipe-shared-mem-vgdb-1025839-by-szeidler-on-???
==1025839== 
==1025839== TO CONTROL THIS PROCESS USING vgdb (which you probably
==1025839== don't want to do, unless you know exactly what you're doing,
==1025839== or are doing some strange experiment):
==1025839==   /usr/bin/vgdb --pid=1025839 ...command...
==1025839== 
==1025839== TO DEBUG THIS PROCESS USING GDB: start GDB like this
==1025839==   /path/to/gdb ./client
==1025839== and then give GDB the following command
==1025839==   target remote | /usr/bin/vgdb --pid=1025839
==1025839== --pid is optional if only one valgrind process is running
==1025839== 
--1025839-- REDIR: 0x402aa40 (ld-linux-x86-64.so.2:strlen) redirected to 0x580bcec2 (???)
--1025839-- REDIR: 0x402a810 (ld-linux-x86-64.so.2:index) redirected to 0x580bcedc (???)
--1025839-- Reading syms from /usr/libexec/valgrind/vgpreload_core-amd64-linux.so
--1025839--    object doesn't have a symbol table
--1025839-- Reading syms from /usr/libexec/valgrind/vgpreload_memcheck-amd64-linux.so
--1025839--    object doesn't have a symbol table
==1025839== WARNING: new redirection conflicts with existing -- ignoring it
--1025839--     old: 0x0402aa40 (strlen              ) R-> (0000.0) 0x580bcec2 ???
--1025839--     new: 0x0402aa40 (strlen              ) R-> (2007.0) 0x0484ee30 strlen
--1025839-- REDIR: 0x4027220 (ld-linux-x86-64.so.2:strcmp) redirected to 0x484fcd0 (strcmp)
--1025839-- REDIR: 0x402afa0 (ld-linux-x86-64.so.2:mempcpy) redirected to 0x4853840 (mempcpy)
--1025839-- Reading syms from /usr/lib/x86_64-linux-gnu/libc.so.6
--1025839--   Considering /usr/lib/debug/.build-id/49/0fef8403240c91833978d494d39e537409b92e.debug ..
--1025839--   .. build-id is valid
==1025839== WARNING: new redirection conflicts with existing -- ignoring it
--1025839--     old: 0x04905c60 (memalign            ) R-> (1011.0) 0x0484e080 memalign
--1025839--     new: 0x04905c60 (memalign            ) R-> (1017.0) 0x0484e050 aligned_alloc
==1025839== WARNING: new redirection conflicts with existing -- ignoring it
--1025839--     old: 0x04905c60 (memalign            ) R-> (1011.0) 0x0484e080 memalign
--1025839--     new: 0x04905c60 (memalign            ) R-> (1017.0) 0x0484e020 aligned_alloc
==1025839== WARNING: new redirection conflicts with existing -- ignoring it
--1025839--     old: 0x04905c60 (memalign            ) R-> (1011.0) 0x0484e080 memalign
--1025839--     new: 0x04905c60 (memalign            ) R-> (1017.0) 0x0484e050 aligned_alloc
==1025839== WARNING: new redirection conflicts with existing -- ignoring it
--1025839--     old: 0x04905c60 (memalign            ) R-> (1011.0) 0x0484e080 memalign
--1025839--     new: 0x04905c60 (memalign            ) R-> (1017.0) 0x0484e020 aligned_alloc
--1025839-- REDIR: 0x4908720 (libc.so.6:strnlen) redirected to 0x483f220 (_vgnU_ifunc_wrapper)
--1025839-- REDIR: 0x49089e0 (libc.so.6:strpbrk) redirected to 0x483f220 (_vgnU_ifunc_wrapper)
--1025839-- REDIR: 0x49082e0 (libc.so.6:strcmp) redirected to 0x483f220 (_vgnU_ifunc_wrapper)
--1025839-- REDIR: 0x4926cd0 (libc.so.6:wcsnlen) redirected to 0x483f220 (_vgnU_ifunc_wrapper)
--1025839-- REDIR: 0x49096d0 (libc.so.6:memset) redirected to 0x483f220 (_vgnU_ifunc_wrapper)
--1025839-- REDIR: 0x4925540 (libc.so.6:wcslen) redirected to 0x483f220 (_vgnU_ifunc_wrapper)
--1025839-- REDIR: 0x4909c10 (libc.so.6:memcpy@@GLIBC_2.14) redirected to 0x483f220 (_vgnU_ifunc_wrapper)
--1025839-- REDIR: 0x4925370 (libc.so.6:wcschr) redirected to 0x483f220 (_vgnU_ifunc_wrapper)
--1025839-- REDIR: 0x4908260 (libc.so.6:index) redirected to 0x483f220 (_vgnU_ifunc_wrapper)
--1025839-- REDIR: 0x4908960 (libc.so.6:rindex) redirected to 0x483f220 (_vgnU_ifunc_wrapper)
--1025839-- REDIR: 0x49095a0 (libc.so.6:memmove) redirected to 0x483f220 (_vgnU_ifunc_wrapper)
==1025839== Preferring higher priority redirection:
--1025839--     old: 0x04a007c0 (__memcpy_avx_unalign) R-> (2018.0) 0x04850f90 __memcpy_avx_unaligned_erms
--1025839--     new: 0x04a007c0 (__memcpy_avx_unalign) R-> (2018.1) 0x04852880 memmove
--1025839-- REDIR: 0x49253f0 (libc.so.6:wcscmp) redirected to 0x483f220 (_vgnU_ifunc_wrapper)
--1025839-- REDIR: 0x49099e0 (libc.so.6:stpncpy) redirected to 0x483f220 (_vgnU_ifunc_wrapper)
--1025839-- REDIR: 0x49259b0 (libc.so.6:wmemchr) redirected to 0x483f220 (_vgnU_ifunc_wrapper)
--1025839-- REDIR: 0x4908830 (libc.so.6:strncmp) redirected to 0x483f220 (_vgnU_ifunc_wrapper)
--1025839-- REDIR: 0x4909a70 (libc.so.6:strcasecmp) redirected to 0x483f220 (_vgnU_ifunc_wrapper)
--1025839-- REDIR: 0x4908420 (libc.so.6:strcspn) redirected to 0x483f220 (_vgnU_ifunc_wrapper)
--1025839-- REDIR: 0x4925470 (libc.so.6:wcscpy) redirected to 0x483f220 (_vgnU_ifunc_wrapper)
--1025839-- REDIR: 0x49081d0 (libc.so.6:strcat) redirected to 0x483f220 (_vgnU_ifunc_wrapper)
--1025839-- REDIR: 0x4909b60 (libc.so.6:strncasecmp_l) redirected to 0x483f220 (_vgnU_ifunc_wrapper)
--1025839-- REDIR: 0x4909480 (libc.so.6:bcmp) redirected to 0x483f220 (_vgnU_ifunc_wrapper)
--1025839-- REDIR: 0x4911570 (libc.so.6:memrchr) redirected to 0x483f220 (_vgnU_ifunc_wrapper)
--1025839-- REDIR: 0x490b010 (libc.so.6:strchrnul) redirected to 0x483f220 (_vgnU_ifunc_wrapper)
--1025839-- REDIR: 0x4908390 (libc.so.6:strcpy) redirected to 0x483f220 (_vgnU_ifunc_wrapper)
--1025839-- REDIR: 0x4909b10 (libc.so.6:strcasecmp_l) redirected to 0x483f220 (_vgnU_ifunc_wrapper)
--1025839-- REDIR: 0x49086a0 (libc.so.6:strlen) redirected to 0x483f220 (_vgnU_ifunc_wrapper)
--1025839-- REDIR: 0x49088d0 (libc.so.6:strncpy) redirected to 0x483f220 (_vgnU_ifunc_wrapper)
--1025839-- REDIR: 0x4909950 (libc.so.6:stpcpy) redirected to 0x483f220 (_vgnU_ifunc_wrapper)
--1025839-- REDIR: 0x49093f0 (libc.so.6:memchr) redirected to 0x483f220 (_vgnU_ifunc_wrapper)
--1025839-- REDIR: 0x4908b00 (libc.so.6:strspn) redirected to 0x483f220 (_vgnU_ifunc_wrapper)
--1025839-- REDIR: 0x49097d0 (libc.so.6:mempcpy) redirected to 0x483f220 (_vgnU_ifunc_wrapper)
--1025839-- REDIR: 0x4909ac0 (libc.so.6:strncasecmp) redirected to 0x483f220 (_vgnU_ifunc_wrapper)
--1025839-- REDIR: 0x490af80 (libc.so.6:rawmemchr) redirected to 0x483f220 (_vgnU_ifunc_wrapper)
--1025839-- REDIR: 0x49fd610 (libc.so.6:__strrchr_avx2) redirected to 0x484e810 (rindex)
--1025839-- REDIR: 0x49050a0 (libc.so.6:malloc) redirected to 0x4848820 (malloc)
--1025839-- REDIR: 0x49fd400 (libc.so.6:__strchrnul_avx2) redirected to 0x4853330 (strchrnul)
--1025839-- REDIR: 0x49fd7e0 (libc.so.6:__strlen_avx2) redirected to 0x484ed10 (strlen)
--1025839-- REDIR: 0x49f92c0 (libc.so.6:__memchr_avx2) redirected to 0x484fd50 (memchr)
--1025839-- REDIR: 0x4a007c0 (libc.so.6:__memcpy_avx_unaligned_erms) redirected to 0x4852880 (memmove)
--1025839-- REDIR: 0x49f85a0 (libc.so.6:__strcspn_sse42) redirected to 0x4853c70 (strcspn)
--1025839-- REDIR: 0x49f8940 (libc.so.6:__strcmp_avx2) redirected to 0x484fbd0 (strcmp)
--1025839-- REDIR: 0x4a00780 (libc.so.6:__mempcpy_avx_unaligned_erms) redirected to 0x4853440 (mempcpy)
--1025839-- REDIR: 0x49053e0 (libc.so.6:free) redirected to 0x484b210 (free)
--1025839-- REDIR: 0x49fecb0 (libc.so.6:__strcpy_avx2) redirected to 0x484ee60 (strcpy)
==1025839== Syscall param write(buf) points to uninitialised byte(s)
==1025839==    at 0x4974887: write (write.c:26)
==1025839==    by 0x1097C4: safeWrite (client.c:112)
==1025839==    by 0x109C4C: update_cache (client.c:219)
==1025839==    by 0x109D9F: readfile (client.c:247)
==1025839==    by 0x10A365: main (client.c:368)
==1025839==  Address 0x1ffefff4a9 is on thread 1's stack
==1025839==  in frame #2, created by update_cache (client.c:203)
==1025839==  Uninitialised value was created by a stack allocation
==1025839==    at 0x109B3E: update_cache (client.c:203)
==1025839== 
==1025839== 
==1025839== HEAP SUMMARY:
==1025839==     in use at exit: 0 bytes in 0 blocks
==1025839==   total heap usage: 11 allocs, 11 frees, 41,296 bytes allocated
==1025839== 
==1025839== All heap blocks were freed -- no leaks are possible
==1025839== 
==1025839== ERROR SUMMARY: 1 errors from 1 contexts (suppressed: 0 from 0)
==1025839== 
==1025839== 1 errors in context 1 of 1:
==1025839== Syscall param write(buf) points to uninitialised byte(s)
==1025839==    at 0x4974887: write (write.c:26)
==1025839==    by 0x1097C4: safeWrite (client.c:112)
==1025839==    by 0x109C4C: update_cache (client.c:219)
==1025839==    by 0x109D9F: readfile (client.c:247)
==1025839==    by 0x10A365: main (client.c:368)
==1025839==  Address 0x1ffefff4a9 is on thread 1's stack
==1025839==  in frame #2, created by update_cache (client.c:203)
==1025839==  Uninitialised value was created by a stack allocation
==1025839==    at 0x109B3E: update_cache (client.c:203)
==1025839== 
==1025839== ERROR SUMMARY: 1 errors from 1 contexts (suppressed: 0 from 0)
